<?xml version="1.0" encoding="UTF-8"?>
<coverage generated="1674928387537" clover="3.2.0">
  <project timestamp="1674928387538" name="All files">
    <metrics statements="71" coveredstatements="71" conditionals="22" coveredconditionals="22" methods="5" coveredmethods="5" elements="98" coveredelements="98" complexity="0" loc="71" ncloc="71" packages="1" files="1" classes="1"/>
    <file name="functions.ts" path="C:\Users\rdces\OneDrive\Documentos\laba-solvd\Homework\laba.solvd-week1\src\functions.ts">
      <metrics statements="71" coveredstatements="71" conditionals="22" coveredconditionals="22" methods="5" coveredmethods="5"/>
      <line num="1" count="1" type="stmt"/>
      <line num="2" count="88" type="stmt"/>
      <line num="3" count="88" type="stmt"/>
      <line num="4" count="88" type="stmt"/>
      <line num="5" count="88" type="stmt"/>
      <line num="7" count="88" type="stmt"/>
      <line num="8" count="88" type="stmt"/>
      <line num="9" count="1639" type="cond" truecount="4" falsecount="0"/>
      <line num="10" count="1639" type="cond" truecount="4" falsecount="0"/>
      <line num="11" count="1639" type="stmt"/>
      <line num="12" count="1639" type="stmt"/>
      <line num="13" count="1639" type="stmt"/>
      <line num="16" count="88" type="cond" truecount="1" falsecount="0"/>
      <line num="17" count="5" type="stmt"/>
      <line num="20" count="88" type="stmt"/>
      <line num="23" count="1" type="stmt"/>
      <line num="24" count="256" type="cond" truecount="4" falsecount="0"/>
      <line num="25" count="67" type="stmt"/>
      <line num="27" count="189" type="stmt"/>
      <line num="28" count="189" type="stmt"/>
      <line num="29" count="189" type="stmt"/>
      <line num="30" count="189" type="stmt"/>
      <line num="32" count="189" type="stmt"/>
      <line num="33" count="2020" type="stmt"/>
      <line num="34" count="2020" type="cond" truecount="4" falsecount="0"/>
      <line num="35" count="2020" type="stmt"/>
      <line num="36" count="2020" type="stmt"/>
      <line num="37" count="2020" type="stmt"/>
      <line num="49" count="189" type="cond" truecount="1" falsecount="0"/>
      <line num="51" count="188" type="stmt"/>
      <line num="52" count="139" type="stmt"/>
      <line num="55" count="188" type="stmt"/>
      <line num="70" count="1" type="stmt"/>
      <line num="71" count="19" type="stmt"/>
      <line num="72" count="19" type="stmt"/>
      <line num="73" count="19" type="stmt"/>
      <line num="74" count="19" type="stmt"/>
      <line num="75" count="19" type="cond" truecount="1" falsecount="0"/>
      <line num="76" count="6" type="stmt"/>
      <line num="77" count="6" type="stmt"/>
      <line num="78" count="6" type="stmt"/>
      <line num="81" count="19" type="stmt"/>
      <line num="82" count="39" type="stmt"/>
      <line num="83" count="39" type="stmt"/>
      <line num="84" count="175" type="stmt"/>
      <line num="85" count="175" type="stmt"/>
      <line num="86" count="175" type="stmt"/>
      <line num="88" count="39" type="stmt"/>
      <line num="90" count="39" type="cond" truecount="1" falsecount="0"/>
      <line num="92" count="23" type="stmt"/>
      <line num="93" count="23" type="stmt"/>
      <line num="94" count="23" type="stmt"/>
      <line num="95" count="21" type="stmt"/>
      <line num="96" count="21" type="stmt"/>
      <line num="97" count="21" type="cond" truecount="1" falsecount="0"/>
      <line num="98" count="3" type="stmt"/>
      <line num="100" count="18" type="stmt"/>
      <line num="101" count="18" type="stmt"/>
      <line num="105" count="19" type="stmt"/>
      <line num="120" count="1" type="stmt"/>
      <line num="122" count="19" type="stmt"/>
      <line num="124" count="19" type="stmt"/>
      <line num="125" count="88" type="stmt"/>
      <line num="126" count="88" type="stmt"/>
      <line num="127" count="88" type="stmt"/>
      <line num="128" count="706" type="stmt"/>
      <line num="129" count="706" type="stmt"/>
      <line num="130" count="706" type="stmt"/>
      <line num="132" count="88" type="cond" truecount="1" falsecount="0"/>
      <line num="133" count="88" type="stmt"/>
      <line num="136" count="69" type="stmt"/>
    </file>
  </project>
</coverage>
