{"C:\\Users\\rdces\\OneDrive\\Documentos\\laba-solvd\\Homework\\laba.solvd-week1\\src\\functions.ts": {"path":"C:\\Users\\rdces\\OneDrive\\Documentos\\laba-solvd\\Homework\\laba.solvd-week1\\src\\functions.ts","statementMap":{"0":{"start":{"line":2,"column":14},"end":{"line":2,"column":15}},"1":{"start":{"line":3,"column":25},"end":{"line":3,"column":27}},"2":{"start":{"line":4,"column":15},"end":{"line":4,"column":23}},"3":{"start":{"line":5,"column":15},"end":{"line":5,"column":23}},"4":{"start":{"line":7,"column":14},"end":{"line":7,"column":34}},"5":{"start":{"line":8,"column":2},"end":{"line":14,"column":null}},"6":{"start":{"line":8,"column":15},"end":{"line":8,"column":16}},"7":{"start":{"line":9,"column":14},"end":{"line":9,"column":34}},"8":{"start":{"line":10,"column":14},"end":{"line":10,"column":34}},"9":{"start":{"line":11,"column":14},"end":{"line":11,"column":29}},"10":{"start":{"line":12,"column":4},"end":{"line":12,"column":24}},"11":{"start":{"line":13,"column":4},"end":{"line":13,"column":31}},"12":{"start":{"line":16,"column":2},"end":{"line":18,"column":null}},"13":{"start":{"line":17,"column":4},"end":{"line":17,"column":23}},"14":{"start":{"line":20,"column":2},"end":{"line":20,"column":35}},"15":{"start":{"line":1,"column":0},"end":{"line":1,"column":16}},"16":{"start":{"line":24,"column":2},"end":{"line":26,"column":null}},"17":{"start":{"line":25,"column":4},"end":{"line":25,"column":22}},"18":{"start":{"line":27,"column":14},"end":{"line":27,"column":15}},"19":{"start":{"line":28,"column":25},"end":{"line":28,"column":27}},"20":{"start":{"line":29,"column":15},"end":{"line":29,"column":23}},"21":{"start":{"line":30,"column":15},"end":{"line":30,"column":23}},"22":{"start":{"line":32,"column":2},"end":{"line":47,"column":null}},"23":{"start":{"line":32,"column":15},"end":{"line":32,"column":16}},"24":{"start":{"line":33,"column":14},"end":{"line":33,"column":29}},"25":{"start":{"line":34,"column":14},"end":{"line":34,"column":34}},"26":{"start":{"line":35,"column":16},"end":{"line":35,"column":31}},"27":{"start":{"line":36,"column":4},"end":{"line":36,"column":33}},"28":{"start":{"line":37,"column":4},"end":{"line":37,"column":23}},"29":{"start":{"line":49,"column":2},"end":{"line":49,"column":31}},"30":{"start":{"line":49,"column":13},"end":{"line":49,"column":31}},"31":{"start":{"line":51,"column":2},"end":{"line":53,"column":null}},"32":{"start":{"line":52,"column":4},"end":{"line":52,"column":17}},"33":{"start":{"line":55,"column":2},"end":{"line":55,"column":35}},"34":{"start":{"line":23,"column":0},"end":{"line":23,"column":16}},"35":{"start":{"line":71,"column":17},"end":{"line":71,"column":19}},"36":{"start":{"line":72,"column":16},"end":{"line":72,"column":36}},"37":{"start":{"line":73,"column":13},"end":{"line":73,"column":30}},"38":{"start":{"line":74,"column":14},"end":{"line":74,"column":22}},"39":{"start":{"line":75,"column":2},"end":{"line":79,"column":null}},"40":{"start":{"line":76,"column":4},"end":{"line":76,"column":27}},"41":{"start":{"line":77,"column":4},"end":{"line":77,"column":12}},"42":{"start":{"line":78,"column":4},"end":{"line":78,"column":29}},"43":{"start":{"line":81,"column":2},"end":{"line":103,"column":null}},"44":{"start":{"line":81,"column":15},"end":{"line":81,"column":20}},"45":{"start":{"line":82,"column":24},"end":{"line":82,"column":25}},"46":{"start":{"line":83,"column":4},"end":{"line":87,"column":null}},"47":{"start":{"line":84,"column":6},"end":{"line":84,"column":21}},"48":{"start":{"line":85,"column":6},"end":{"line":85,"column":28}},"49":{"start":{"line":86,"column":6},"end":{"line":86,"column":22}},"50":{"start":{"line":88,"column":4},"end":{"line":88,"column":33}},"51":{"start":{"line":90,"column":4},"end":{"line":90,"column":30}},"52":{"start":{"line":90,"column":24},"end":{"line":90,"column":30}},"53":{"start":{"line":92,"column":4},"end":{"line":92,"column":20}},"54":{"start":{"line":93,"column":4},"end":{"line":93,"column":29}},"55":{"start":{"line":94,"column":4},"end":{"line":102,"column":null}},"56":{"start":{"line":95,"column":6},"end":{"line":95,"column":23}},"57":{"start":{"line":96,"column":6},"end":{"line":96,"column":10}},"58":{"start":{"line":97,"column":6},"end":{"line":99,"column":null}},"59":{"start":{"line":98,"column":8},"end":{"line":98,"column":14}},"60":{"start":{"line":100,"column":6},"end":{"line":100,"column":22}},"61":{"start":{"line":101,"column":6},"end":{"line":101,"column":31}},"62":{"start":{"line":105,"column":2},"end":{"line":105,"column":27}},"63":{"start":{"line":70,"column":0},"end":{"line":70,"column":16}},"64":{"start":{"line":122,"column":27},"end":{"line":122,"column":42}},"65":{"start":{"line":124,"column":2},"end":{"line":134,"column":null}},"66":{"start":{"line":124,"column":15},"end":{"line":124,"column":27}},"67":{"start":{"line":125,"column":16},"end":{"line":125,"column":17}},"68":{"start":{"line":126,"column":20},"end":{"line":126,"column":35}},"69":{"start":{"line":127,"column":4},"end":{"line":131,"column":null}},"70":{"start":{"line":127,"column":17},"end":{"line":127,"column":29}},"71":{"start":{"line":128,"column":18},"end":{"line":128,"column":31}},"72":{"start":{"line":129,"column":6},"end":{"line":129,"column":39}},"73":{"start":{"line":130,"column":6},"end":{"line":130,"column":45}},"74":{"start":{"line":132,"column":4},"end":{"line":132,"column":35}},"75":{"start":{"line":132,"column":15},"end":{"line":132,"column":35}},"76":{"start":{"line":133,"column":4},"end":{"line":133,"column":74}},"77":{"start":{"line":136,"column":2},"end":{"line":136,"column":53}},"78":{"start":{"line":136,"column":37},"end":{"line":136,"column":51}},"79":{"start":{"line":120,"column":0},"end":{"line":120,"column":16}}},"fnMap":{"0":{"name":"plus","decl":{"start":{"line":1,"column":16},"end":{"line":1,"column":20}},"loc":{"start":{"line":1,"column":41},"end":{"line":21,"column":1}}},"1":{"name":"minus","decl":{"start":{"line":23,"column":16},"end":{"line":23,"column":21}},"loc":{"start":{"line":23,"column":42},"end":{"line":56,"column":1}}},"2":{"name":"divide","decl":{"start":{"line":70,"column":16},"end":{"line":70,"column":22}},"loc":{"start":{"line":70,"column":43},"end":{"line":106,"column":1}}},"3":{"name":"multiple","decl":{"start":{"line":120,"column":16},"end":{"line":120,"column":24}},"loc":{"start":{"line":120,"column":45},"end":{"line":137,"column":1}}},"4":{"name":"(anonymous_4)","decl":{"start":{"line":136,"column":23},"end":{"line":136,"column":24}},"loc":{"start":{"line":136,"column":37},"end":{"line":136,"column":51}}}},"branchMap":{"0":{"loc":{"start":{"line":9,"column":14},"end":{"line":9,"column":34}},"type":"cond-expr","locations":[{"start":{"line":9,"column":29},"end":{"line":9,"column":33}},{"start":{"line":9,"column":33},"end":{"line":9,"column":34}}]},"1":{"loc":{"start":{"line":9,"column":14},"end":{"line":9,"column":33}},"type":"binary-expr","locations":[{"start":{"line":9,"column":14},"end":{"line":9,"column":33}},{"start":{"line":9,"column":29},"end":{"line":9,"column":33}}]},"2":{"loc":{"start":{"line":10,"column":14},"end":{"line":10,"column":34}},"type":"cond-expr","locations":[{"start":{"line":10,"column":29},"end":{"line":10,"column":33}},{"start":{"line":10,"column":33},"end":{"line":10,"column":34}}]},"3":{"loc":{"start":{"line":10,"column":14},"end":{"line":10,"column":33}},"type":"binary-expr","locations":[{"start":{"line":10,"column":14},"end":{"line":10,"column":33}},{"start":{"line":10,"column":29},"end":{"line":10,"column":33}}]},"4":{"loc":{"start":{"line":16,"column":2},"end":{"line":18,"column":null}},"type":"if","locations":[{"start":{"line":16,"column":2},"end":{"line":18,"column":null}}]},"5":{"loc":{"start":{"line":24,"column":2},"end":{"line":26,"column":null}},"type":"if","locations":[{"start":{"line":24,"column":2},"end":{"line":26,"column":null}}]},"6":{"loc":{"start":{"line":24,"column":6},"end":{"line":24,"column":67}},"type":"binary-expr","locations":[{"start":{"line":24,"column":6},"end":{"line":24,"column":25}},{"start":{"line":24,"column":30},"end":{"line":24,"column":51}},{"start":{"line":24,"column":55},"end":{"line":24,"column":66}}]},"7":{"loc":{"start":{"line":34,"column":14},"end":{"line":34,"column":34}},"type":"cond-expr","locations":[{"start":{"line":34,"column":29},"end":{"line":34,"column":33}},{"start":{"line":34,"column":33},"end":{"line":34,"column":34}}]},"8":{"loc":{"start":{"line":34,"column":14},"end":{"line":34,"column":33}},"type":"binary-expr","locations":[{"start":{"line":34,"column":14},"end":{"line":34,"column":33}},{"start":{"line":34,"column":29},"end":{"line":34,"column":33}}]},"9":{"loc":{"start":{"line":49,"column":2},"end":{"line":49,"column":31}},"type":"if","locations":[{"start":{"line":49,"column":2},"end":{"line":49,"column":31}}]},"10":{"loc":{"start":{"line":75,"column":2},"end":{"line":79,"column":null}},"type":"if","locations":[{"start":{"line":75,"column":2},"end":{"line":79,"column":null}}]},"11":{"loc":{"start":{"line":90,"column":4},"end":{"line":90,"column":30}},"type":"if","locations":[{"start":{"line":90,"column":4},"end":{"line":90,"column":30}}]},"12":{"loc":{"start":{"line":97,"column":6},"end":{"line":99,"column":null}},"type":"if","locations":[{"start":{"line":97,"column":6},"end":{"line":99,"column":null}}]},"13":{"loc":{"start":{"line":132,"column":4},"end":{"line":132,"column":35}},"type":"if","locations":[{"start":{"line":132,"column":4},"end":{"line":132,"column":35}}]}},"s":{"0":88,"1":88,"2":88,"3":88,"4":88,"5":88,"6":88,"7":1639,"8":1639,"9":1639,"10":1639,"11":1639,"12":88,"13":5,"14":88,"15":1,"16":256,"17":67,"18":189,"19":189,"20":189,"21":189,"22":189,"23":189,"24":2020,"25":2020,"26":2020,"27":2020,"28":2020,"29":189,"30":1,"31":188,"32":139,"33":188,"34":1,"35":19,"36":19,"37":19,"38":19,"39":19,"40":6,"41":6,"42":6,"43":19,"44":19,"45":39,"46":39,"47":175,"48":175,"49":175,"50":39,"51":39,"52":16,"53":23,"54":23,"55":23,"56":21,"57":21,"58":21,"59":3,"60":18,"61":18,"62":19,"63":1,"64":19,"65":19,"66":19,"67":88,"68":88,"69":88,"70":88,"71":706,"72":706,"73":706,"74":88,"75":25,"76":88,"77":19,"78":69,"79":1},"f":{"0":88,"1":256,"2":19,"3":19,"4":69},"b":{"0":[1585,54],"1":[1639,1639],"2":[1165,474],"3":[1639,1639],"4":[5],"5":[67],"6":[256,216,86],"7":[1866,154],"8":[2020,2020],"9":[1],"10":[6],"11":[16],"12":[3],"13":[25]}}
}
