TN:
SF:src\functions.ts
FN:1,plus
FN:23,minus
FN:70,divide
FN:120,multiple
FN:136,(anonymous_4)
FNF:5
FNH:5
FNDA:88,plus
FNDA:256,minus
FNDA:19,divide
FNDA:19,multiple
FNDA:69,(anonymous_4)
DA:1,1
DA:2,88
DA:3,88
DA:4,88
DA:5,88
DA:7,88
DA:8,88
DA:9,1639
DA:10,1639
DA:11,1639
DA:12,1639
DA:13,1639
DA:16,88
DA:17,5
DA:20,88
DA:23,1
DA:24,256
DA:25,67
DA:27,189
DA:28,189
DA:29,189
DA:30,189
DA:32,189
DA:33,2020
DA:34,2020
DA:35,2020
DA:36,2020
DA:37,2020
DA:49,189
DA:51,188
DA:52,139
DA:55,188
DA:70,1
DA:71,19
DA:72,19
DA:73,19
DA:74,19
DA:75,19
DA:76,6
DA:77,6
DA:78,6
DA:81,19
DA:82,39
DA:83,39
DA:84,175
DA:85,175
DA:86,175
DA:88,39
DA:90,39
DA:92,23
DA:93,23
DA:94,23
DA:95,21
DA:96,21
DA:97,21
DA:98,3
DA:100,18
DA:101,18
DA:105,19
DA:120,1
DA:122,19
DA:124,19
DA:125,88
DA:126,88
DA:127,88
DA:128,706
DA:129,706
DA:130,706
DA:132,88
DA:133,88
DA:136,69
LF:71
LH:71
BRDA:9,0,0,1585
BRDA:9,0,1,54
BRDA:9,1,0,1639
BRDA:9,1,1,1639
BRDA:10,2,0,1165
BRDA:10,2,1,474
BRDA:10,3,0,1639
BRDA:10,3,1,1639
BRDA:16,4,0,5
BRDA:24,5,0,67
BRDA:24,6,0,256
BRDA:24,6,1,216
BRDA:24,6,2,86
BRDA:34,7,0,1866
BRDA:34,7,1,154
BRDA:34,8,0,2020
BRDA:34,8,1,2020
BRDA:49,9,0,1
BRDA:75,10,0,6
BRDA:90,11,0,16
BRDA:97,12,0,3
BRDA:132,13,0,25
BRF:22
BRH:22
end_of_record
